This is pdfTeX, Version 3.141592653-2.6-1.40.26 (TeX Live 2024) (preloaded format=pdflatex 2024.11.8)  27 DEC 2024 23:06
entering extended mode
 restricted \write18 enabled.
 %&-line parsing enabled.
**Packman_Final_Project.tex
(./Packman_Final_Project.tex
LaTeX2e <2024-11-01>
L3 programming layer <2024-11-02>
(/Users/jamespackman/Library/TinyTeX/texmf-dist/tex/latex/apa6/apa6.cls
Document Class: apa6 2023/08/07 v2.35 APA formatting (6th edition)
(/Users/jamespackman/Library/TinyTeX/texmf-dist/tex/latex/base/article.cls
Document Class: article 2024/06/29 v1.4n Standard LaTeX document class
(/Users/jamespackman/Library/TinyTeX/texmf-dist/tex/latex/base/size11.clo
File: size11.clo 2024/06/29 v1.4n Standard LaTeX file (size option)
)
\c@part=\count196
\c@section=\count197
\c@subsection=\count198
\c@subsubsection=\count199
\c@paragraph=\count266
\c@subparagraph=\count267
\c@figure=\count268
\c@table=\count269
\abovecaptionskip=\skip49
\belowcaptionskip=\skip50
\bibindent=\dimen141
) (/Users/jamespackman/Library/TinyTeX/texmf-dist/tex/latex/etoolbox/etoolbox.sty
Package: etoolbox 2020/10/05 v2.5k e-TeX tools for LaTeX (JAW)
\etb@tempcnta=\count270
)
Class apa6 Info: No bibliography package was specified; defaulting to (but not loading) Biblatex on input line 213.
(/Users/jamespackman/Library/TinyTeX/texmf-dist/tex/latex/lm/lmodern.sty
Package: lmodern 2015/05/01 v1.6.1 Latin Modern Fonts
LaTeX Font Info:    Overwriting symbol font `operators' in version `normal'
(Font)                  OT1/cmr/m/n --> OT1/lmr/m/n on input line 22.
LaTeX Font Info:    Overwriting symbol font `letters' in version `normal'
(Font)                  OML/cmm/m/it --> OML/lmm/m/it on input line 23.
LaTeX Font Info:    Overwriting symbol font `symbols' in version `normal'
(Font)                  OMS/cmsy/m/n --> OMS/lmsy/m/n on input line 24.
LaTeX Font Info:    Overwriting symbol font `largesymbols' in version `normal'
(Font)                  OMX/cmex/m/n --> OMX/lmex/m/n on input line 25.
LaTeX Font Info:    Overwriting symbol font `operators' in version `bold'
(Font)                  OT1/cmr/bx/n --> OT1/lmr/bx/n on input line 26.
LaTeX Font Info:    Overwriting symbol font `letters' in version `bold'
(Font)                  OML/cmm/b/it --> OML/lmm/b/it on input line 27.
LaTeX Font Info:    Overwriting symbol font `symbols' in version `bold'
(Font)                  OMS/cmsy/b/n --> OMS/lmsy/b/n on input line 28.
LaTeX Font Info:    Overwriting symbol font `largesymbols' in version `bold'
(Font)                  OMX/cmex/m/n --> OMX/lmex/m/n on input line 29.
LaTeX Font Info:    Overwriting math alphabet `\mathbf' in version `normal'
(Font)                  OT1/cmr/bx/n --> OT1/lmr/bx/n on input line 31.
LaTeX Font Info:    Overwriting math alphabet `\mathsf' in version `normal'
(Font)                  OT1/cmss/m/n --> OT1/lmss/m/n on input line 32.
LaTeX Font Info:    Overwriting math alphabet `\mathit' in version `normal'
(Font)                  OT1/cmr/m/it --> OT1/lmr/m/it on input line 33.
LaTeX Font Info:    Overwriting math alphabet `\mathtt' in version `normal'
(Font)                  OT1/cmtt/m/n --> OT1/lmtt/m/n on input line 34.
LaTeX Font Info:    Overwriting math alphabet `\mathbf' in version `bold'
(Font)                  OT1/cmr/bx/n --> OT1/lmr/bx/n on input line 35.
LaTeX Font Info:    Overwriting math alphabet `\mathsf' in version `bold'
(Font)                  OT1/cmss/bx/n --> OT1/lmss/bx/n on input line 36.
LaTeX Font Info:    Overwriting math alphabet `\mathit' in version `bold'
(Font)                  OT1/cmr/bx/it --> OT1/lmr/bx/it on input line 37.
LaTeX Font Info:    Overwriting math alphabet `\mathtt' in version `bold'
(Font)                  OT1/cmtt/m/n --> OT1/lmtt/m/n on input line 38.
) (/Users/jamespackman/Library/TinyTeX/texmf-dist/tex/latex/base/fontenc.sty
Package: fontenc 2021/04/29 v2.0v Standard LaTeX package
LaTeX Font Info:    Trying to load font information for T1+lmr on input line 116.
(/Users/jamespackman/Library/TinyTeX/texmf-dist/tex/latex/lm/t1lmr.fd
File: t1lmr.fd 2015/05/01 v1.6.1 Font defs for Latin Modern
)) (/Users/jamespackman/Library/TinyTeX/texmf-dist/tex/latex/draftwatermark/draftwatermark.sty
Package: draftwatermark 2024/03/04 3.3 Put a gray textual watermark on document pages
(/Users/jamespackman/Library/TinyTeX/texmf-dist/tex/latex/kvoptions/kvoptions.sty
Package: kvoptions 2022-06-15 v3.15 Key value format for package options (HO)
(/Users/jamespackman/Library/TinyTeX/texmf-dist/tex/latex/graphics/keyval.sty
Package: keyval 2022/05/29 v1.15 key=value parser (DPC)
\KV@toks@=\toks17
) (/Users/jamespackman/Library/TinyTeX/texmf-dist/tex/generic/ltxcmds/ltxcmds.sty
Package: ltxcmds 2023-12-04 v1.26 LaTeX kernel commands for general use (HO)
) (/Users/jamespackman/Library/TinyTeX/texmf-dist/tex/latex/kvsetkeys/kvsetkeys.sty
Package: kvsetkeys 2022-10-05 v1.19 Key value parser (HO)
)) (/Users/jamespackman/Library/TinyTeX/texmf-dist/tex/latex/graphics/graphicx.sty
Package: graphicx 2021/09/16 v1.2d Enhanced LaTeX Graphics (DPC,SPQR)
(/Users/jamespackman/Library/TinyTeX/texmf-dist/tex/latex/graphics/graphics.sty
Package: graphics 2024/08/06 v1.4g Standard LaTeX Graphics (DPC,SPQR)
(/Users/jamespackman/Library/TinyTeX/texmf-dist/tex/latex/graphics/trig.sty
Package: trig 2023/12/02 v1.11 sin cos tan (DPC)
) (/Users/jamespackman/Library/TinyTeX/texmf-dist/tex/latex/graphics-cfg/graphics.cfg
File: graphics.cfg 2016/06/04 v1.11 sample graphics configuration
)
Package graphics Info: Driver file: pdftex.def on input line 106.
(/Users/jamespackman/Library/TinyTeX/texmf-dist/tex/latex/graphics-def/pdftex.def
File: pdftex.def 2024/04/13 v1.2c Graphics/color driver for pdftex
))
\Gin@req@height=\dimen142
\Gin@req@width=\dimen143
) (/Users/jamespackman/Library/TinyTeX/texmf-dist/tex/latex/xcolor/xcolor.sty
Package: xcolor 2024/09/29 v3.02 LaTeX color extensions (UK)
(/Users/jamespackman/Library/TinyTeX/texmf-dist/tex/latex/graphics-cfg/color.cfg
File: color.cfg 2016/01/02 v1.6 sample color configuration
)
Package xcolor Info: Driver file: pdftex.def on input line 274.
(/Users/jamespackman/Library/TinyTeX/texmf-dist/tex/latex/graphics/mathcolor.ltx)
Package xcolor Info: Model `cmy' substituted by `cmy0' on input line 1349.
Package xcolor Info: Model `hsb' substituted by `rgb' on input line 1353.
Package xcolor Info: Model `RGB' extended on input line 1365.
Package xcolor Info: Model `HTML' substituted by `rgb' on input line 1367.
Package xcolor Info: Model `Hsb' substituted by `hsb' on input line 1368.
Package xcolor Info: Model `tHsb' substituted by `hsb' on input line 1369.
Package xcolor Info: Model `HSB' substituted by `hsb' on input line 1370.
Package xcolor Info: Model `Gray' substituted by `gray' on input line 1371.
Package xcolor Info: Model `wave' substituted by `hsb' on input line 1372.
)) (/Users/jamespackman/Library/TinyTeX/texmf-dist/tex/latex/geometry/geometry.sty
Package: geometry 2020/01/02 v5.9 Page Geometry
(/Users/jamespackman/Library/TinyTeX/texmf-dist/tex/generic/iftex/ifvtex.sty
Package: ifvtex 2019/10/25 v1.7 ifvtex legacy package. Use iftex instead.
(/Users/jamespackman/Library/TinyTeX/texmf-dist/tex/generic/iftex/iftex.sty
Package: iftex 2022/02/03 v1.0f TeX engine tests
))
\Gm@cnth=\count271
\Gm@cntv=\count272
\c@Gm@tempcnt=\count273
\Gm@bindingoffset=\dimen144
\Gm@wd@mp=\dimen145
\Gm@odd@mp=\dimen146
\Gm@even@mp=\dimen147
\Gm@layoutwidth=\dimen148
\Gm@layoutheight=\dimen149
\Gm@layouthoffset=\dimen150
\Gm@layoutvoffset=\dimen151
\Gm@dimlist=\toks18
) (/Users/jamespackman/Library/TinyTeX/texmf-dist/tex/generic/gettitlestring/gettitlestring.sty
Package: gettitlestring 2019/12/15 v1.6 Cleanup title references (HO)
) (/Users/jamespackman/Library/TinyTeX/texmf-dist/tex/latex/booktabs/booktabs.sty
Package: booktabs 2020/01/12 v1.61803398 Publication quality tables
\heavyrulewidth=\dimen152
\lightrulewidth=\dimen153
\cmidrulewidth=\dimen154
\belowrulesep=\dimen155
\belowbottomsep=\dimen156
\aboverulesep=\dimen157
\abovetopsep=\dimen158
\cmidrulesep=\dimen159
\cmidrulekern=\dimen160
\defaultaddspace=\dimen161
\@cmidla=\count274
\@cmidlb=\count275
\@aboverulesep=\dimen162
\@belowrulesep=\dimen163
\@thisruleclass=\count276
\@lastruleclass=\count277
\@thisrulewidth=\dimen164
) (/Users/jamespackman/Library/TinyTeX/texmf-dist/tex/latex/threeparttable/threeparttable.sty
Package: threeparttable 2003/06/13  v 3.0
\@tempboxb=\box52
)
\b@level@one@skip=\skip51
\e@level@one@skip=\skip52
\b@level@two@skip=\skip53
\e@level@two@skip=\skip54
\b@level@three@skip=\skip55
\e@level@three@skip=\skip56
\b@level@four@skip=\skip57
\e@level@four@skip=\skip58
\b@level@five@skip=\skip59
\e@level@five@skip=\skip60
(/Users/jamespackman/Library/TinyTeX/texmf-dist/tex/latex/caption/caption.sty
Package: caption 2023/08/05 v3.6o Customizing captions (AR)
(/Users/jamespackman/Library/TinyTeX/texmf-dist/tex/latex/caption/caption3.sty
Package: caption3 2023/07/31 v2.4d caption3 kernel (AR)
\caption@tempdima=\dimen165
\captionmargin=\dimen166
\caption@leftmargin=\dimen167
\caption@rightmargin=\dimen168
\caption@width=\dimen169
\caption@indent=\dimen170
\caption@parindent=\dimen171
\caption@hangindent=\dimen172
Package caption Info: Standard document class detected.
)
\c@caption@flags=\count278
\c@continuedfloat=\count279
Package caption Info: threeparttable package is loaded.
)
\c@APAenum=\count280
\@text@par@indent=\skip61
\gr@box=\box53
\gr@boxwidth=\skip62
\gr@boxheight=\skip63
(/Users/jamespackman/Library/TinyTeX/texmf-dist/tex/latex/tools/bm.sty
Package: bm 2023/12/19 v1.2f Bold Symbol Support (DPC/FMi)
\symboldoperators=\mathgroup4
\symboldletters=\mathgroup5
\symboldsymbols=\mathgroup6
Package bm Info: No bold for \OMX/lmex/m/n, using \pmb.
LaTeX Font Info:    Redeclaring math alphabet \mathbf on input line 149.
)
\c@appendix=\count281
(/Users/jamespackman/Library/TinyTeX/texmf-dist/tex/latex/fancyhdr/fancyhdr.sty
Package: fancyhdr 2024/07/23 v4.3.1 Extensive control of page headers and footers
\f@nch@headwidth=\skip64
\f@nch@O@elh=\skip65
\f@nch@O@erh=\skip66
\f@nch@O@olh=\skip67
\f@nch@O@orh=\skip68
\f@nch@O@elf=\skip69
\f@nch@O@erf=\skip70
\f@nch@O@olf=\skip71
\f@nch@O@orf=\skip72
)) (/Users/jamespackman/Library/TinyTeX/texmf-dist/tex/latex/amsmath/amsmath.sty
Package: amsmath 2024/11/05 v2.17t AMS math features
\@mathmargin=\skip73
For additional information on amsmath, use the `?' option.
(/Users/jamespackman/Library/TinyTeX/texmf-dist/tex/latex/amsmath/amstext.sty
Package: amstext 2021/08/26 v2.01 AMS text
(/Users/jamespackman/Library/TinyTeX/texmf-dist/tex/latex/amsmath/amsgen.sty
File: amsgen.sty 1999/11/30 v2.0 generic functions
\@emptytoks=\toks19
\ex@=\dimen173
)) (/Users/jamespackman/Library/TinyTeX/texmf-dist/tex/latex/amsmath/amsbsy.sty
Package: amsbsy 1999/11/29 v1.2d Bold Symbols
LaTeX Info: Redefining \boldsymbol on input line 28.
\pmbraise@=\dimen174
) (/Users/jamespackman/Library/TinyTeX/texmf-dist/tex/latex/amsmath/amsopn.sty
Package: amsopn 2022/04/08 v2.04 operator names
)
\inf@bad=\count282
LaTeX Info: Redefining \frac on input line 233.
\uproot@=\count283
\leftroot@=\count284
LaTeX Info: Redefining \overline on input line 398.
LaTeX Info: Redefining \colon on input line 409.
\classnum@=\count285
\DOTSCASE@=\count286
LaTeX Info: Redefining \ldots on input line 495.
LaTeX Info: Redefining \dots on input line 498.
LaTeX Info: Redefining \cdots on input line 619.
\Mathstrutbox@=\box54
\strutbox@=\box55
LaTeX Info: Redefining \big on input line 721.
LaTeX Info: Redefining \Big on input line 722.
LaTeX Info: Redefining \bigg on input line 723.
LaTeX Info: Redefining \Bigg on input line 724.
\big@size=\dimen175
LaTeX Font Info:    Redeclaring font encoding OML on input line 742.
LaTeX Font Info:    Redeclaring font encoding OMS on input line 743.
\macc@depth=\count287
LaTeX Info: Redefining \bmod on input line 904.
LaTeX Info: Redefining \pmod on input line 909.
LaTeX Info: Redefining \smash on input line 939.
LaTeX Info: Redefining \relbar on input line 969.
LaTeX Info: Redefining \Relbar on input line 970.
\c@MaxMatrixCols=\count288
\dotsspace@=\muskip17
\c@parentequation=\count289
\dspbrk@lvl=\count290
\tag@help=\toks20
\row@=\count291
\column@=\count292
\maxfields@=\count293
\andhelp@=\toks21
\eqnshift@=\dimen176
\alignsep@=\dimen177
\tagshift@=\dimen178
\tagwidth@=\dimen179
\totwidth@=\dimen180
\lineht@=\dimen181
\@envbody=\toks22
\multlinegap=\skip74
\multlinetaggap=\skip75
\mathdisplay@stack=\toks23
LaTeX Info: Redefining \[ on input line 2953.
LaTeX Info: Redefining \] on input line 2954.
) (/Users/jamespackman/Library/TinyTeX/texmf-dist/tex/latex/amsfonts/amssymb.sty
Package: amssymb 2013/01/14 v3.01 AMS font symbols
(/Users/jamespackman/Library/TinyTeX/texmf-dist/tex/latex/amsfonts/amsfonts.sty
Package: amsfonts 2013/01/14 v3.01 Basic AMSFonts support
\symAMSa=\mathgroup7
\symAMSb=\mathgroup8
LaTeX Font Info:    Redeclaring math symbol \hbar on input line 98.
LaTeX Font Info:    Overwriting math alphabet `\mathfrak' in version `bold'
(Font)                  U/euf/m/n --> U/euf/b/n on input line 106.
)) (/Users/jamespackman/Library/TinyTeX/texmf-dist/tex/latex/base/fontenc.sty
Package: fontenc 2021/04/29 v2.0v Standard LaTeX package
) (/Users/jamespackman/Library/TinyTeX/texmf-dist/tex/latex/base/inputenc.sty
Package: inputenc 2024/02/08 v1.3d Input encoding file
\inpenc@prehook=\toks24
\inpenc@posthook=\toks25
) (/Users/jamespackman/Library/TinyTeX/texmf-dist/tex/latex/base/textcomp.sty
Package: textcomp 2024/04/24 v2.1b Standard LaTeX package
) (/Users/jamespackman/Library/TinyTeX/texmf-dist/tex/generic/babel/babel.sty
Package: babel 2024/10/20 v24.12 The multilingual framework for pdfLaTeX, LuaLaTeX and XeLaTeX
\babel@savecnt=\count294
\U@D=\dimen182
\l@unhyphenated=\language5
(/Users/jamespackman/Library/TinyTeX/texmf-dist/tex/generic/babel/txtbabel.def)
\bbl@readstream=\read2
\bbl@dirlevel=\count295
Package babel Info: You haven't specified a language as a class or package
(babel)             option. I'll load 'nil'. Reported on input line 4185.
(/Users/jamespackman/Library/TinyTeX/texmf-dist/tex/generic/babel/nil.ldf
Language: nil 2024/10/20 v24.12 Nil language
\l@nil=\language6
)) (/Users/jamespackman/Library/TinyTeX/texmf-dist/tex/generic/babel/locale/en/babel-english.tex)
Package babel Info: Importing data for english
(babel)             from babel-en.ini. Reported on input line 84.
(/Users/jamespackman/Library/TinyTeX/texmf-dist/tex/latex/was/upgreek.sty
Package: upgreek 2003/02/12 v2.0 (WaS)
Package upgreek Info: Using Euler Roman for upright Greek on input line 31.
\symugrf@m=\mathgroup9
LaTeX Font Info:    Overwriting symbol font `ugrf@m' in version `bold'
(Font)                  U/eur/m/n --> U/eur/b/n on input line 38.
) (/Users/jamespackman/Library/TinyTeX/texmf-dist/tex/latex/tools/longtable.sty
Package: longtable 2024-10-27 v4.22 Multi-page Table package (DPC)
\LTleft=\skip76
\LTright=\skip77
\LTpre=\skip78
\LTpost=\skip79
\LTchunksize=\count296
\LTcapwidth=\dimen183
\LT@head=\box56
\LT@firsthead=\box57
\LT@foot=\box58
\LT@lastfoot=\box59
\LT@gbox=\box60
\LT@cols=\count297
\LT@rows=\count298
\c@LT@tables=\count299
\c@LT@chunks=\count300
\LT@p@ftn=\toks26
) (/Users/jamespackman/Library/TinyTeX/texmf-dist/tex/latex/graphics/lscape.sty
Package: lscape 2020/05/28 v3.02 Landscape Pages (DPC)
) (/Users/jamespackman/Library/TinyTeX/texmf-dist/tex/latex/multirow/multirow.sty
Package: multirow 2021/03/15 v2.8 Span multiple rows of a table
\multirow@colwidth=\skip80
\multirow@cntb=\count301
\multirow@dima=\skip81
\bigstrutjot=\dimen184
) (/Users/jamespackman/Library/TinyTeX/texmf-dist/tex/latex/tools/tabularx.sty
Package: tabularx 2023/12/11 v2.12a `tabularx' package (DPC)
(/Users/jamespackman/Library/TinyTeX/texmf-dist/tex/latex/tools/array.sty
Package: array 2024/10/17 v2.6g Tabular extension package (FMi)
\col@sep=\dimen185
\ar@mcellbox=\box61
\extrarowheight=\dimen186
\NC@list=\toks27
\extratabsurround=\skip82
\backup@length=\skip83
\ar@cellbox=\box62
)
\TX@col@width=\dimen187
\TX@old@table=\dimen188
\TX@old@col=\dimen189
\TX@target=\dimen190
\TX@delta=\dimen191
\TX@cols=\count302
\TX@ftn=\toks28
) (/Users/jamespackman/Library/TinyTeX/texmf-dist/tex/latex/threeparttablex/threeparttablex.sty
Package: threeparttablex 2013/07/23 v0.3 by daleif
(/Users/jamespackman/Library/TinyTeX/texmf-dist/tex/latex/environ/environ.sty
Package: environ 2014/05/04 v0.3 A new way to define environments
(/Users/jamespackman/Library/TinyTeX/texmf-dist/tex/latex/trimspaces/trimspaces.sty
Package: trimspaces 2009/09/17 v1.1 Trim spaces around a token list
))
\TPTL@width=\skip84
)
\longtablewidth=\skip85
Failed to patch abstract.
Failed to patch title.
(/Users/jamespackman/Library/TinyTeX/texmf-dist/tex/latex/xpatch/xpatch.sty (/Users/jamespackman/Library/TinyTeX/texmf-dist/tex/latex/l3kernel/expl3.sty
Package: expl3 2024-11-02 L3 programming layer (loader) 
(/Users/jamespackman/Library/TinyTeX/texmf-dist/tex/latex/l3backend/l3backend-pdftex.def
File: l3backend-pdftex.def 2024-05-08 L3 backend support: PDF output (pdfTeX)
\l__color_backend_stack_int=\count303
\l__pdf_internal_box=\box63
))
Package: xpatch 2020/03/25 v0.3a Extending etoolbox patching commands
(/Users/jamespackman/Library/TinyTeX/texmf-dist/tex/latex/l3packages/xparse/xparse.sty
Package: xparse 2024-08-16 L3 Experimental document command parser
)) (/Users/jamespackman/Library/TinyTeX/texmf-dist/tex/latex/csquotes/csquotes.sty
Package: csquotes 2024-04-04 v5.2o context-sensitive quotations (JAW)
\csq@reset=\count304
\csq@gtype=\count305
\csq@glevel=\count306
\csq@qlevel=\count307
\csq@maxlvl=\count308
\csq@tshold=\count309
\csq@ltx@everypar=\toks29
(/Users/jamespackman/Library/TinyTeX/texmf-dist/tex/latex/csquotes/csquotes.def
File: csquotes.def 2024-04-04 v5.2o csquotes generic definitions (JAW)
)
Package csquotes Info: Trying to load configuration file 'csquotes.cfg'...
Package csquotes Info: ... configuration file loaded successfully.
(/Users/jamespackman/Library/TinyTeX/texmf-dist/tex/latex/csquotes/csquotes.cfg
File: csquotes.cfg 
)) (/Users/jamespackman/Library/TinyTeX/texmf-dist/tex/latex/bookmark/bookmark.sty
Package: bookmark 2023-12-10 v1.31 PDF bookmarks (HO)
(/Users/jamespackman/Library/TinyTeX/texmf-dist/tex/latex/hyperref/hyperref.sty
Package: hyperref 2024-11-05 v7.01l Hypertext links for LaTeX
(/Users/jamespackman/Library/TinyTeX/texmf-dist/tex/generic/kvdefinekeys/kvdefinekeys.sty
Package: kvdefinekeys 2019-12-19 v1.6 Define keys (HO)
) (/Users/jamespackman/Library/TinyTeX/texmf-dist/tex/generic/pdfescape/pdfescape.sty
Package: pdfescape 2019/12/09 v1.15 Implements pdfTeX's escape features (HO)
(/Users/jamespackman/Library/TinyTeX/texmf-dist/tex/generic/pdftexcmds/pdftexcmds.sty
Package: pdftexcmds 2020-06-27 v0.33 Utility functions of pdfTeX for LuaTeX (HO)
(/Users/jamespackman/Library/TinyTeX/texmf-dist/tex/generic/infwarerr/infwarerr.sty
Package: infwarerr 2019/12/03 v1.5 Providing info/warning/error messages (HO)
)
Package pdftexcmds Info: \pdf@primitive is available.
Package pdftexcmds Info: \pdf@ifprimitive is available.
Package pdftexcmds Info: \pdfdraftmode found.
)) (/Users/jamespackman/Library/TinyTeX/texmf-dist/tex/latex/hycolor/hycolor.sty
Package: hycolor 2020-01-27 v1.10 Color options for hyperref/bookmark (HO)
) (/Users/jamespackman/Library/TinyTeX/texmf-dist/tex/latex/hyperref/nameref.sty
Package: nameref 2023-11-26 v2.56 Cross-referencing by name of section
(/Users/jamespackman/Library/TinyTeX/texmf-dist/tex/latex/refcount/refcount.sty
Package: refcount 2019/12/15 v3.6 Data extraction from label references (HO)
)
\c@section@level=\count310
) (/Users/jamespackman/Library/TinyTeX/texmf-dist/tex/generic/stringenc/stringenc.sty
Package: stringenc 2019/11/29 v1.12 Convert strings between diff. encodings (HO)
)
\@linkdim=\dimen192
\Hy@linkcounter=\count311
\Hy@pagecounter=\count312
(/Users/jamespackman/Library/TinyTeX/texmf-dist/tex/latex/hyperref/pd1enc.def
File: pd1enc.def 2024-11-05 v7.01l Hyperref: PDFDocEncoding definition (HO)
Now handling font encoding PD1 ...
... no UTF-8 mapping file for font encoding PD1
) (/Users/jamespackman/Library/TinyTeX/texmf-dist/tex/generic/intcalc/intcalc.sty
Package: intcalc 2019/12/15 v1.3 Expandable calculations with integers (HO)
)
\Hy@SavedSpaceFactor=\count313
(/Users/jamespackman/Library/TinyTeX/texmf-dist/tex/latex/hyperref/puenc.def
File: puenc.def 2024-11-05 v7.01l Hyperref: PDF Unicode definition (HO)
Now handling font encoding PU ...
... no UTF-8 mapping file for font encoding PU
)
Package hyperref Info: Option `unicode' set `true' on input line 4040.
Package hyperref Info: Hyper figures OFF on input line 4157.
Package hyperref Info: Link nesting OFF on input line 4162.
Package hyperref Info: Hyper index ON on input line 4165.
Package hyperref Info: Plain pages OFF on input line 4172.
Package hyperref Info: Backreferencing OFF on input line 4177.
Package hyperref Info: Implicit mode ON; LaTeX internals redefined.
Package hyperref Info: Bookmarks ON on input line 4424.
\c@Hy@tempcnt=\count314
(/Users/jamespackman/Library/TinyTeX/texmf-dist/tex/latex/url/url.sty
\Urlmuskip=\muskip18
Package: url 2013/09/16  ver 3.4  Verb mode for urls, etc.
)
LaTeX Info: Redefining \url on input line 4763.
\XeTeXLinkMargin=\dimen193
(/Users/jamespackman/Library/TinyTeX/texmf-dist/tex/generic/bitset/bitset.sty
Package: bitset 2019/12/09 v1.3 Handle bit-vector datatype (HO)
(/Users/jamespackman/Library/TinyTeX/texmf-dist/tex/generic/bigintcalc/bigintcalc.sty
Package: bigintcalc 2019/12/15 v1.5 Expandable calculations on big integers (HO)
))
\Fld@menulength=\count315
\Field@Width=\dimen194
\Fld@charsize=\dimen195
Package hyperref Info: Hyper figures OFF on input line 6042.
Package hyperref Info: Link nesting OFF on input line 6047.
Package hyperref Info: Hyper index ON on input line 6050.
Package hyperref Info: backreferencing OFF on input line 6057.
Package hyperref Info: Link coloring OFF on input line 6062.
Package hyperref Info: Link coloring with OCG OFF on input line 6067.
Package hyperref Info: PDF/A mode OFF on input line 6072.
(/Users/jamespackman/Library/TinyTeX/texmf-dist/tex/latex/base/atbegshi-ltx.sty
Package: atbegshi-ltx 2021/01/10 v1.0c Emulation of the original atbegshi
package with kernel methods
)
\Hy@abspage=\count316
\c@Item=\count317
\c@Hfootnote=\count318
)
Package hyperref Info: Driver (autodetected): hpdftex.
(/Users/jamespackman/Library/TinyTeX/texmf-dist/tex/latex/hyperref/hpdftex.def
File: hpdftex.def 2024-11-05 v7.01l Hyperref driver for pdfTeX
(/Users/jamespackman/Library/TinyTeX/texmf-dist/tex/latex/base/atveryend-ltx.sty
Package: atveryend-ltx 2020/08/19 v1.0a Emulation of the original atveryend package
with kernel methods
)
\Fld@listcount=\count319
\c@bookmark@seq@number=\count320
(/Users/jamespackman/Library/TinyTeX/texmf-dist/tex/latex/rerunfilecheck/rerunfilecheck.sty
Package: rerunfilecheck 2022-07-10 v1.10 Rerun checks for auxiliary files (HO)
(/Users/jamespackman/Library/TinyTeX/texmf-dist/tex/generic/uniquecounter/uniquecounter.sty
Package: uniquecounter 2019/12/15 v1.4 Provide unlimited unique counter (HO)
)
Package uniquecounter Info: New unique counter `rerunfilecheck' on input line 285.
)
\Hy@SectionHShift=\skip86
) (/Users/jamespackman/Library/TinyTeX/texmf-dist/tex/latex/bookmark/bkm-pdftex.def
File: bkm-pdftex.def 2023-12-10 v1.31 bookmark driver for pdfTeX and luaTeX (HO)
\BKM@id=\count321
))
Package csquotes Info: Checking for multilingual support...
Package csquotes Info: ... found 'babel' package.
Package csquotes Info: Adjusting default style.
Package csquotes Info: Redefining alias 'default' -> 'english'.
(./Packman_Final_Project.aux)
\openout1 = `Packman_Final_Project.aux'.

LaTeX Font Info:    Checking defaults for OML/cmm/m/it on input line 195.
LaTeX Font Info:    ... okay on input line 195.
LaTeX Font Info:    Checking defaults for OMS/cmsy/m/n on input line 195.
LaTeX Font Info:    ... okay on input line 195.
LaTeX Font Info:    Checking defaults for OT1/cmr/m/n on input line 195.
LaTeX Font Info:    ... okay on input line 195.
LaTeX Font Info:    Checking defaults for T1/cmr/m/n on input line 195.
LaTeX Font Info:    ... okay on input line 195.
LaTeX Font Info:    Checking defaults for TS1/cmr/m/n on input line 195.
LaTeX Font Info:    ... okay on input line 195.
LaTeX Font Info:    Checking defaults for OMX/cmex/m/n on input line 195.
LaTeX Font Info:    ... okay on input line 195.
LaTeX Font Info:    Checking defaults for U/cmr/m/n on input line 195.
LaTeX Font Info:    ... okay on input line 195.
LaTeX Font Info:    Checking defaults for PD1/pdf/m/n on input line 195.
LaTeX Font Info:    ... okay on input line 195.
LaTeX Font Info:    Checking defaults for PU/pdf/m/n on input line 195.
LaTeX Font Info:    ... okay on input line 195.
(/Users/jamespackman/Library/TinyTeX/texmf-dist/tex/latex/epstopdf-pkg/epstopdf-base.sty
Package: epstopdf-base 2020-01-24 v2.11 Base part for package epstopdf
Package epstopdf-base Info: Redefining graphics rule for `.eps' on input line 485.
(/Users/jamespackman/Library/TinyTeX/texmf-dist/tex/latex/latexconfig/epstopdf-sys.cfg
File: epstopdf-sys.cfg 2010/07/13 v1.3 Configuration of (r)epstopdf for TeX Live
))
*geometry* driver: auto-detecting
*geometry* detected driver: pdftex
*geometry* verbose mode - [ preamble ] result:
* driver: pdftex
* paper: <default>
* layout: <same size as paper>
* layoutoffset:(h,v)=(0.0pt,0.0pt)
* modes: 
* h-part:(L,W,R)=(72.26999pt, 469.75502pt, 72.26999pt)
* v-part:(T,H,B)=(72.26999pt, 650.43001pt, 72.26999pt)
* \paperwidth=614.295pt
* \paperheight=794.96999pt
* \textwidth=433.62pt
* \textheight=614.295pt
* \oddsidemargin=18.06749pt
* \evensidemargin=18.06749pt
* \topmargin=-18.06749pt
* \headheight=15.2pt
* \headsep=25.0pt
* \topskip=11.0pt
* \footskip=30.0pt
* \marginparwidth=59.0pt
* \marginparsep=10.0pt
* \columnsep=10.0pt
* \skip\footins=10.0pt plus 4.0pt minus 2.0pt
* \hoffset=0.0pt
* \voffset=0.0pt
* \mag=1000
* \@twocolumnfalse
* \@twosidefalse
* \@mparswitchfalse
* \@reversemarginfalse
* (1in=72.27pt=25.4mm, 1cm=28.453pt)

(/Users/jamespackman/Library/TinyTeX/texmf-dist/tex/latex/apa6/config/APAamerican.txt
File: APAamerican.txt 2012/02/23 v1.25 apa6 configuration for American English
)
Package caption Info: Begin \AtBeginDocument code.
Package caption Info: hyperref package is loaded.
Package caption Info: longtable package is loaded.
(/Users/jamespackman/Library/TinyTeX/texmf-dist/tex/latex/caption/ltcaption.sty
Package: ltcaption 2021/01/08 v1.4c longtable captions (AR)
)
Package caption Info: End \AtBeginDocument code.
Package hyperref Info: Link coloring OFF on input line 195.
Using title for running head
LaTeX Font Info:    Trying to load font information for OT1+lmr on input line 197.
(/Users/jamespackman/Library/TinyTeX/texmf-dist/tex/latex/lm/ot1lmr.fd
File: ot1lmr.fd 2015/05/01 v1.6.1 Font defs for Latin Modern
)
LaTeX Font Info:    Trying to load font information for OML+lmm on input line 197.
(/Users/jamespackman/Library/TinyTeX/texmf-dist/tex/latex/lm/omllmm.fd
File: omllmm.fd 2015/05/01 v1.6.1 Font defs for Latin Modern
)
LaTeX Font Info:    Trying to load font information for OMS+lmsy on input line 197.
(/Users/jamespackman/Library/TinyTeX/texmf-dist/tex/latex/lm/omslmsy.fd
File: omslmsy.fd 2015/05/01 v1.6.1 Font defs for Latin Modern
)
LaTeX Font Info:    Trying to load font information for OMX+lmex on input line 197.
(/Users/jamespackman/Library/TinyTeX/texmf-dist/tex/latex/lm/omxlmex.fd
File: omxlmex.fd 2015/05/01 v1.6.1 Font defs for Latin Modern
)
LaTeX Font Info:    External font `lmex10' loaded for size
(Font)              <14.4> on input line 197.
LaTeX Font Info:    External font `lmex10' loaded for size
(Font)              <10> on input line 197.
LaTeX Font Info:    External font `lmex10' loaded for size
(Font)              <7> on input line 197.
LaTeX Font Info:    Trying to load font information for U+msa on input line 197.
(/Users/jamespackman/Library/TinyTeX/texmf-dist/tex/latex/amsfonts/umsa.fd
File: umsa.fd 2013/01/14 v3.01 AMS symbols A
)
LaTeX Font Info:    Trying to load font information for U+msb on input line 197.
(/Users/jamespackman/Library/TinyTeX/texmf-dist/tex/latex/amsfonts/umsb.fd
File: umsb.fd 2013/01/14 v3.01 AMS symbols B
)
LaTeX Font Info:    External font `lmex10' loaded for size
(Font)              <10.95> on input line 197.
LaTeX Font Info:    External font `lmex10' loaded for size
(Font)              <8> on input line 197.
LaTeX Font Info:    External font `lmex10' loaded for size
(Font)              <6> on input line 197.
LaTeX Font Info:    External font `lmex10' loaded for size
(Font)              <9> on input line 197.
LaTeX Font Info:    External font `lmex10' loaded for size
(Font)              <5> on input line 197.


[1{/Users/jamespackman/Library/TinyTeX/texmf-var/fonts/map/pdftex/updmap/pdftex.map}{/Users/jamespackman/Library/TinyTeX/texmf-dist/fonts/enc/dvips/lm/lm-ec.enc}

]
<Packman_Final_Project_files/figure-latex/unnamed-chunk-1-1.pdf, id=17, 457.71pt x 309.155pt>
File: Packman_Final_Project_files/figure-latex/unnamed-chunk-1-1.pdf Graphic file (type pdf)
<use Packman_Final_Project_files/figure-latex/unnamed-chunk-1-1.pdf>
Package pdftex.def Info: Packman_Final_Project_files/figure-latex/unnamed-chunk-1-1.pdf  used on input line 206.
(pdftex.def)             Requested size: 433.63475pt x 292.89363pt.

Overfull \hbox (28.9223pt too wide) in paragraph at lines 206--207
[][] 
 []


LaTeX Warning: Float too large for page by 4197.10165pt on input line 575.


Underfull \vbox (badness 10000) has occurred while \output is active []



[2]

[3 <./Packman_Final_Project_files/figure-latex/unnamed-chunk-1-1.pdf>]

[4]
LaTeX Font Info:    Trying to load font information for T1+lmtt on input line 591.
(/Users/jamespackman/Library/TinyTeX/texmf-dist/tex/latex/lm/t1lmtt.fd
File: t1lmtt.fd 2015/05/01 v1.6.1 Font defs for Latin Modern
)
<Packman_Final_Project_files/figure-latex/unnamed-chunk-2-1.pdf, id=48, 453.695pt x 316.18124pt>
File: Packman_Final_Project_files/figure-latex/unnamed-chunk-2-1.pdf Graphic file (type pdf)
<use Packman_Final_Project_files/figure-latex/unnamed-chunk-2-1.pdf>
Package pdftex.def Info: Packman_Final_Project_files/figure-latex/unnamed-chunk-2-1.pdf  used on input line 595.
(pdftex.def)             Requested size: 433.62463pt x 302.19414pt.

Overfull \hbox (28.91219pt too wide) in paragraph at lines 595--597
[][]
 []


Underfull \vbox (badness 1635) has occurred while \output is active []



[5 <./Packman_Final_Project_files/figure-latex/unnamed-chunk-2-1.pdf>]
Overfull \hbox (3.28375pt too wide) in paragraph at lines 675--675
[]\T1/lmtt/m/n/10.95 ##  Jewish.people.tend.to.complain.a.lot. Jewish.people.are.often.very.rude.[] 
 []



[6]

[7]

[8]
Underfull \hbox (badness 10000) in paragraph at lines 736--739
[]\T1/lmr/m/n/10.95 The full SASS scale had a Cron-bach's al-pha of
 []


Underfull \hbox (badness 10000) in paragraph at lines 736--739
\T1/lmr/m/n/10.95 0.8535390945768863949FALSESASSc(\T1/lmtt/m/n/10.95 2.5% \T1/lmr/m/n/10.95 = 0.824990891563454, \T1/lmtt/m/n/10.95 97.5% \T1/lmr/m/n/10.95 =
 []


Underfull \hbox (badness 1917) in paragraph at lines 736--739
\T1/lmr/m/n/10.95 pha of 0.8973041536412283946TRUE-Warmthc(\T1/lmtt/m/n/10.95 2.5% \T1/lmr/m/n/10.95 = 0.876471575791418, \T1/lmtt/m/n/10.95 97.5% \T1/lmr/m/n/10.95 =
 []


Overfull \hbox (23.27228pt too wide) in paragraph at lines 746--773
 [] 
 []



[9]
Underfull \vbox (badness 10000) has occurred while \output is active []



[10]
Underfull \vbox (badness 10000) has occurred while \output is active []



[11]
Overfull \hbox (26.27869pt too wide) in paragraph at lines 893--893
[]\T1/lmtt/m/n/10.95 ## chisq.scaled   cfi.scaled   tli.scaled rmsea.scaled          aic          bic[] 
 []


Overfull \hbox (26.27869pt too wide) in paragraph at lines 893--893
[]\T1/lmtt/m/n/10.95 ##       76.569        0.958        0.942        0.070     9596.714     9672.265[] 
 []



[12]
Underfull \vbox (badness 10000) has occurred while \output is active []



[13]
Overfull \hbox (26.27869pt too wide) in paragraph at lines 994--994
[]\T1/lmtt/m/n/10.95 ## chisq.scaled   cfi.scaled   tli.scaled rmsea.scaled          aic          bic[] 
 []


Overfull \hbox (26.27869pt too wide) in paragraph at lines 994--994
[]\T1/lmtt/m/n/10.95 ##      175.462        0.877        0.836        0.118     9712.724     9784.299[] 
 []


Overfull \hbox (198.74069pt too wide) in paragraph at lines 1012--1012
[]\T1/lmtt/m/n/10.95 ## Variable                                                            |  PA1 |  PA2 | Complexity | Uniqueness[] 
 []


Overfull \hbox (198.74069pt too wide) in paragraph at lines 1012--1012
[]\T1/lmtt/m/n/10.95 ## -----------------------------------------------------------------------------------------------------------[] 
 []


Overfull \hbox (198.74069pt too wide) in paragraph at lines 1012--1012
[]\T1/lmtt/m/n/10.95 ## All.things.considered..Jewish.people.are.untrustworthy.             | 0.86 |      |       1.02 |       0.30[] 
 []


Overfull \hbox (198.74069pt too wide) in paragraph at lines 1012--1012
[]\T1/lmtt/m/n/10.95 ## Jewish.people.are.often.very.rude.                                  | 0.84 |      |       1.02 |       0.33[] 
 []


Overfull \hbox (198.74069pt too wide) in paragraph at lines 1012--1012
[]\T1/lmtt/m/n/10.95 ## When.they.feel.slighted..Jewish.people.will.be.vengeful.            | 0.79 |      |       1.03 |       0.32[] 
 []


Overfull \hbox (198.74069pt too wide) in paragraph at lines 1012--1012
[]\T1/lmtt/m/n/10.95 ## Jewish.people.can.be.sneaky.                                        | 0.77 |      |       1.01 |       0.38[] 
 []


Overfull \hbox (198.74069pt too wide) in paragraph at lines 1012--1012
[]\T1/lmtt/m/n/10.95 ## Jewish.people.tend.to.complain.a.lot.                               | 0.76 |      |       1.01 |       0.39[] 
 []


Overfull \hbox (198.74069pt too wide) in paragraph at lines 1012--1012
[]\T1/lmtt/m/n/10.95 ## Jewish.people.tend.to.influence.the.media.                          | 0.48 |      |       1.72 |       0.56[] 
 []



[14]
Overfull \hbox (198.74069pt too wide) in paragraph at lines 1012--1012
[]\T1/lmtt/m/n/10.95 ## Jewish.people.tend.to.be.good.with.money.                           |      | 0.76 |       1.01 |       0.44[] 
 []


Overfull \hbox (198.74069pt too wide) in paragraph at lines 1012--1012
[]\T1/lmtt/m/n/10.95 ## When.it.comes.to.education..Jewish.people.tend.to.be.overachievers. |      | 0.54 |       1.07 |       0.66[] 
 []


Overfull \hbox (198.74069pt too wide) in paragraph at lines 1012--1012
[]\T1/lmtt/m/n/10.95 ## On.the.whole..Jewish.people.are.loyal.to.Israel.                    |      | 0.53 |       1.00 |       0.71[] 
 []


Overfull \hbox (348.20776pt too wide) in paragraph at lines 1012--1012
[]\T1/lmtt/m/n/10.95 ## The 2 latent factors (oblimin rotation) accounted for 54.57% of the total variance of the original data (PA1 = 39.56%, PA2 = 15.01%).[] 
 []


Overfull \hbox (9.03249pt too wide) in paragraph at lines 1041--1041
[]\T1/lmtt/m/n/10.95 ##                                       Estimate Std. Error t value Pr(>|t|)[] 
 []


Overfull \hbox (32.02742pt too wide) in paragraph at lines 1041--1041
[]\T1/lmtt/m/n/10.95 ## (Intercept)                            19.8511     1.0164  19.531  < 2e-16 ***[] 
 []


Overfull \hbox (9.03249pt too wide) in paragraph at lines 1041--1041
[]\T1/lmtt/m/n/10.95 ## EntGamesRace$Race_1Black/African        0.6432     1.2614   0.510  0.61043[] 
 []


Overfull \hbox (9.03249pt too wide) in paragraph at lines 1041--1041
[]\T1/lmtt/m/n/10.95 ## EntGamesRace$Race_1Hispanic Non-White  -2.1368     2.8229  -0.757  0.44959[] 
 []


Overfull \hbox (26.27869pt too wide) in paragraph at lines 1041--1041
[]\T1/lmtt/m/n/10.95 ## EntGamesRace$Race_1White/European      -2.9992     1.1215  -2.674  0.00784 **[] 
 []


Overfull \hbox (14.78122pt too wide) in paragraph at lines 1063--1063
[]\T1/lmtt/m/n/10.95 ##  contrast                                estimate    SE  df t.ratio p.value[] 
 []


Overfull \hbox (14.78122pt too wide) in paragraph at lines 1063--1063
[]\T1/lmtt/m/n/10.95 ##  Asian - (Black/African)                   -0.643 1.260 353  -0.510  0.9567[] 
 []



[15]
Overfull \hbox (14.78122pt too wide) in paragraph at lines 1063--1063
[]\T1/lmtt/m/n/10.95 ##  Asian - (Hispanic Non-White)               2.137 2.820 353   0.757  0.8737[] 
 []


Overfull \hbox (14.78122pt too wide) in paragraph at lines 1063--1063
[]\T1/lmtt/m/n/10.95 ##  Asian - (White/European)                   2.999 1.120 353   2.674  0.0390[] 
 []


Overfull \hbox (14.78122pt too wide) in paragraph at lines 1063--1063
[]\T1/lmtt/m/n/10.95 ##  (Black/African) - (Hispanic Non-White)     2.780 2.740 353   1.016  0.7405[] 
 []


Overfull \hbox (14.78122pt too wide) in paragraph at lines 1063--1063
[]\T1/lmtt/m/n/10.95 ##  (Black/African) - (White/European)         3.642 0.885 353   4.117  0.0003[] 
 []


Overfull \hbox (14.78122pt too wide) in paragraph at lines 1063--1063
[]\T1/lmtt/m/n/10.95 ##  (Hispanic Non-White) - (White/European)    0.862 2.680 353   0.322  0.9884[] 
 []



[16]
Overfull \hbox (9.03249pt too wide) in paragraph at lines 1149--1149
[]\T1/lmtt/m/n/10.95 ## [1] "$b = 19.85$, 95\\% CI $[17.85, 21.85]$, $t(353) = 19.53$, $p < .001$"[] 
 []


Overfull \hbox (3.28375pt too wide) in paragraph at lines 1149--1149
[]\T1/lmtt/m/n/10.95 ## [1] "$b = -2.14$, 95\\% CI $[-7.69, 3.42]$, $t(353) = -0.76$, $p = .450$"[] 
 []


Overfull \hbox (9.03249pt too wide) in paragraph at lines 1149--1149
[]\T1/lmtt/m/n/10.95 ## [1] "$b = -3.00$, 95\\% CI $[-5.20, -0.79]$, $t(353) = -2.67$, $p = .008$"[] 
 []


Underfull \vbox (badness 10000) has occurred while \output is active []



[17]
Underfull \hbox (badness 4001) in paragraph at lines 1151--1152
$\OML/lmm/m/it/10.95 mathrm[] \OT1/lmr/m/n/10.95 = 2\OML/lmm/m/it/10.95 ; \OT1/lmr/m/n/10.95 424\OML/lmm/m/it/10.95 :\OT1/lmr/m/n/10.95 58$\T1/lmr/m/n/10.95 '')), list(Intercept = ``$\OML/lmm/m/it/10.95 t\OT1/lmr/m/n/10.95 [353] = 19\OML/lmm/m/it/10.95 :\OT1/lmr/m/n/10.95 53$\T1/lmr/m/n/10.95 , $\OML/lmm/m/it/10.95 p < :\OT1/lmr/m/n/10.95 001$\T1/lmr/m/n/10.95 '',
 []


Underfull \hbox (badness 1655) in paragraph at lines 1151--1152
\T1/lmr/m/n/10.95 EntGames-Race_Race_1Black_African = ``$\OML/lmm/m/it/10.95 t\OT1/lmr/m/n/10.95 [353] = 0\OML/lmm/m/it/10.95 :\OT1/lmr/m/n/10.95 51$\T1/lmr/m/n/10.95 , $\OML/lmm/m/it/10.95 p \OT1/lmr/m/n/10.95 = \OML/lmm/m/it/10.95 :\OT1/lmr/m/n/10.95 610$\T1/lmr/m/n/10.95 '', EntGames-
 []


Underfull \hbox (badness 2142) in paragraph at lines 1151--1152
\T1/lmr/m/n/10.95 Race_Race_1Hispanic_Non_White = ``$\OML/lmm/m/it/10.95 t\OT1/lmr/m/n/10.95 [353] = \OMS/lmsy/m/n/10.95 ^^@\OT1/lmr/m/n/10.95 0\OML/lmm/m/it/10.95 :\OT1/lmr/m/n/10.95 76$\T1/lmr/m/n/10.95 , $\OML/lmm/m/it/10.95 p \OT1/lmr/m/n/10.95 = \OML/lmm/m/it/10.95 :\OT1/lmr/m/n/10.95 450$\T1/lmr/m/n/10.95 '', EntGames-
 []



[18{/Users/jamespackman/Library/TinyTeX/texmf-dist/fonts/enc/dvips/lm/lm-mathit.enc}{/Users/jamespackman/Library/TinyTeX/texmf-dist/fonts/enc/dvips/lm/lm-rm.enc}{/Users/jamespackman/Library/TinyTeX/texmf-dist/fonts/enc/dvips/lm/lm-mathsy.enc}]

[19]

[20]

[21]
Overfull \hbox (3.28375pt too wide) in paragraph at lines 1384--1384
[]\T1/lmtt/m/n/10.95 ## Model 2: SASS.Score ~ Gender + Entitativity + Political.Ideology + AZAs +[] 
 []



[22]
Overfull \hbox (3.28375pt too wide) in paragraph at lines 1430--1430
[]\T1/lmtt/m/n/10.95 ## Model 1: SASS.Score ~ Gender + Entitativity + Political.Ideology + AZAs +[] 
 []


Overfull \hbox (3.28375pt too wide) in paragraph at lines 1430--1430
[]\T1/lmtt/m/n/10.95 ## Model 2: SASS.Score ~ Gender + Entitativity + Political.Ideology + AZAs +[] 
 []



[23]
Overfull \hbox (261.97676pt too wide) in paragraph at lines 1500--1500
[]\T1/lmtt/m/n/10.95 ##     AZAs + RWA.Score + SDO.Score + X.When.we.think.about.the.world..it.comes.down.to.the.oppressor.vs.the.oppressed..,[] 
 []


Overfull \hbox (106.76096pt too wide) in paragraph at lines 1500--1500
[]\T1/lmtt/m/n/10.95 ##                                                                                    Estimate[] 
 []


Overfull \hbox (106.76096pt too wide) in paragraph at lines 1500--1500
[]\T1/lmtt/m/n/10.95 ## (Intercept)                                                                        -5.19162[] 
 []


Overfull \hbox (106.76096pt too wide) in paragraph at lines 1500--1500
[]\T1/lmtt/m/n/10.95 ## GenderNonbinary                                                                    -0.56744[] 
 []


Overfull \hbox (106.76096pt too wide) in paragraph at lines 1500--1500
[]\T1/lmtt/m/n/10.95 ## GenderWoman                                                                        -1.12342[] 
 []


Overfull \hbox (106.76096pt too wide) in paragraph at lines 1500--1500
[]\T1/lmtt/m/n/10.95 ## Entitativity                                                                        0.42668[] 
 []


Overfull \hbox (106.76096pt too wide) in paragraph at lines 1500--1500
[]\T1/lmtt/m/n/10.95 ## Political.Ideology                                                                  0.76532[] 
 []


Overfull \hbox (106.76096pt too wide) in paragraph at lines 1500--1500
[]\T1/lmtt/m/n/10.95 ## AZAs                                                                                0.24853[] 
 []


Overfull \hbox (106.76096pt too wide) in paragraph at lines 1500--1500
[]\T1/lmtt/m/n/10.95 ## RWA.Score                                                                           0.02134[] 
 []


Overfull \hbox (106.76096pt too wide) in paragraph at lines 1500--1500
[]\T1/lmtt/m/n/10.95 ## SDO.Score                                                                           0.78593[] 
 []


Overfull \hbox (106.76096pt too wide) in paragraph at lines 1500--1500
[]\T1/lmtt/m/n/10.95 ## X.When.we.think.about.the.world..it.comes.down.to.the.oppressor.vs.the.oppressed..  0.46058[] 
 []


Overfull \hbox (118.25842pt too wide) in paragraph at lines 1500--1500
[]\T1/lmtt/m/n/10.95 ##                                                                                    Std. Error[] 
 []


Overfull \hbox (118.25842pt too wide) in paragraph at lines 1500--1500
[]\T1/lmtt/m/n/10.95 ## (Intercept)                                                                           1.83048[] 
 []


Overfull \hbox (118.25842pt too wide) in paragraph at lines 1500--1500
[]\T1/lmtt/m/n/10.95 ## GenderNonbinary                                                                       1.97726[] 
 []


Overfull \hbox (118.25842pt too wide) in paragraph at lines 1500--1500
[]\T1/lmtt/m/n/10.95 ## GenderWoman                                                                           0.58009[] 
 []


Overfull \hbox (118.25842pt too wide) in paragraph at lines 1500--1500
[]\T1/lmtt/m/n/10.95 ## Entitativity                                                                          0.05533[] 
 []


Overfull \hbox (118.25842pt too wide) in paragraph at lines 1500--1500
[]\T1/lmtt/m/n/10.95 ## Political.Ideology                                                                    0.22187[] 
 []


Overfull \hbox (118.25842pt too wide) in paragraph at lines 1500--1500
[]\T1/lmtt/m/n/10.95 ## AZAs                                                                                  0.06329[] 
 []


Overfull \hbox (118.25842pt too wide) in paragraph at lines 1500--1500
[]\T1/lmtt/m/n/10.95 ## RWA.Score                                                                             0.03794[] 
 []


Overfull \hbox (118.25842pt too wide) in paragraph at lines 1500--1500
[]\T1/lmtt/m/n/10.95 ## SDO.Score                                                                             0.11040[] 
 []


Overfull \hbox (118.25842pt too wide) in paragraph at lines 1500--1500
[]\T1/lmtt/m/n/10.95 ## X.When.we.think.about.the.world..it.comes.down.to.the.oppressor.vs.the.oppressed..    0.20564[] 
 []


Overfull \hbox (101.01222pt too wide) in paragraph at lines 1500--1500
[]\T1/lmtt/m/n/10.95 ##                                                                                    t value[] 
 []


Overfull \hbox (101.01222pt too wide) in paragraph at lines 1500--1500
[]\T1/lmtt/m/n/10.95 ## (Intercept)                                                                         -2.836[] 
 []


Overfull \hbox (101.01222pt too wide) in paragraph at lines 1500--1500
[]\T1/lmtt/m/n/10.95 ## GenderNonbinary                                                                     -0.287[] 
 []


Overfull \hbox (101.01222pt too wide) in paragraph at lines 1500--1500
[]\T1/lmtt/m/n/10.95 ## GenderWoman                                                                         -1.937[] 
 []


Overfull \hbox (101.01222pt too wide) in paragraph at lines 1500--1500
[]\T1/lmtt/m/n/10.95 ## Entitativity                                                                         7.712[] 
 []


Overfull \hbox (101.01222pt too wide) in paragraph at lines 1500--1500
[]\T1/lmtt/m/n/10.95 ## Political.Ideology                                                                   3.449[] 
 []


Overfull \hbox (101.01222pt too wide) in paragraph at lines 1500--1500
[]\T1/lmtt/m/n/10.95 ## AZAs                                                                                 3.927[] 
 []


Overfull \hbox (101.01222pt too wide) in paragraph at lines 1500--1500
[]\T1/lmtt/m/n/10.95 ## RWA.Score                                                                            0.563[] 
 []


Overfull \hbox (101.01222pt too wide) in paragraph at lines 1500--1500
[]\T1/lmtt/m/n/10.95 ## SDO.Score                                                                            7.119[] 
 []


Overfull \hbox (101.01222pt too wide) in paragraph at lines 1500--1500
[]\T1/lmtt/m/n/10.95 ## X.When.we.think.about.the.world..it.comes.down.to.the.oppressor.vs.the.oppressed..   2.240[] 
 []


Overfull \hbox (106.76096pt too wide) in paragraph at lines 1500--1500
[]\T1/lmtt/m/n/10.95 ##                                                                                    Pr(>|t|)[] 
 []


Overfull \hbox (106.76096pt too wide) in paragraph at lines 1500--1500
[]\T1/lmtt/m/n/10.95 ## (Intercept)                                                                        0.004806[] 
 []


Overfull \hbox (106.76096pt too wide) in paragraph at lines 1500--1500
[]\T1/lmtt/m/n/10.95 ## GenderNonbinary                                                                    0.774281[] 
 []


Overfull \hbox (106.76096pt too wide) in paragraph at lines 1500--1500
[]\T1/lmtt/m/n/10.95 ## GenderWoman                                                                        0.053521[] 
 []


Overfull \hbox (106.76096pt too wide) in paragraph at lines 1500--1500
[]\T1/lmtt/m/n/10.95 ## Entitativity                                                                       1.07e-13[] 
 []


Overfull \hbox (106.76096pt too wide) in paragraph at lines 1500--1500
[]\T1/lmtt/m/n/10.95 ## Political.Ideology                                                                 0.000624[] 
 []


Underfull \vbox (badness 10000) has occurred while \output is active []



[24]
Overfull \hbox (106.76096pt too wide) in paragraph at lines 1500--1500
[]\T1/lmtt/m/n/10.95 ## AZAs                                                                               0.000102[] 
 []


Overfull \hbox (106.76096pt too wide) in paragraph at lines 1500--1500
[]\T1/lmtt/m/n/10.95 ## RWA.Score                                                                          0.574088[] 
 []


Overfull \hbox (106.76096pt too wide) in paragraph at lines 1500--1500
[]\T1/lmtt/m/n/10.95 ## SDO.Score                                                                          5.36e-12[] 
 []


Overfull \hbox (106.76096pt too wide) in paragraph at lines 1500--1500
[]\T1/lmtt/m/n/10.95 ## X.When.we.think.about.the.world..it.comes.down.to.the.oppressor.vs.the.oppressed.. 0.025677[] 
 []


Overfull \hbox (72.26855pt too wide) in paragraph at lines 1500--1500
[]\T1/lmtt/m/n/10.95 ## (Intercept)                                                                        **[] 
 []


Overfull \hbox (66.51982pt too wide) in paragraph at lines 1500--1500
[]\T1/lmtt/m/n/10.95 ## GenderWoman                                                                        .[] 
 []


Overfull \hbox (78.01729pt too wide) in paragraph at lines 1500--1500
[]\T1/lmtt/m/n/10.95 ## Entitativity                                                                       ***[] 
 []


Overfull \hbox (78.01729pt too wide) in paragraph at lines 1500--1500
[]\T1/lmtt/m/n/10.95 ## Political.Ideology                                                                 ***[] 
 []


Overfull \hbox (78.01729pt too wide) in paragraph at lines 1500--1500
[]\T1/lmtt/m/n/10.95 ## AZAs                                                                               ***[] 
 []


Overfull \hbox (78.01729pt too wide) in paragraph at lines 1500--1500
[]\T1/lmtt/m/n/10.95 ## SDO.Score                                                                          ***[] 
 []


Overfull \hbox (66.51982pt too wide) in paragraph at lines 1500--1500
[]\T1/lmtt/m/n/10.95 ## X.When.we.think.about.the.world..it.comes.down.to.the.oppressor.vs.the.oppressed.. *[] 
 []


Overfull \hbox (3.28375pt too wide) in paragraph at lines 1518--1518
[]\T1/lmtt/m/n/10.95 ## Model 1: SASS.Score ~ Gender + Entitativity + Political.Ideology + AZAs +[] 
 []


Overfull \hbox (3.28375pt too wide) in paragraph at lines 1518--1518
[]\T1/lmtt/m/n/10.95 ## Model 2: SASS.Score ~ Gender + Entitativity + Political.Ideology + AZAs +[] 
 []


Overfull \hbox (215.9869pt too wide) in paragraph at lines 1518--1518
[]\T1/lmtt/m/n/10.95 ##     RWA.Score + SDO.Score + X.When.we.think.about.the.world..it.comes.down.to.the.oppressor.vs.the.oppressed..[] 
 []


Underfull \hbox (badness 2035) in paragraph at lines 1520--1524
\T1/lmr/m/n/10.95 95\% CI $\OT1/lmr/m/n/10.95 [0\OML/lmm/m/it/10.95 :\OT1/lmr/m/n/10.95 32\OML/lmm/m/it/10.95 ; \OT1/lmr/m/n/10.95 0\OML/lmm/m/it/10.95 :\OT1/lmr/m/n/10.95 54]$\T1/lmr/m/n/10.95 '', Po-lit-i-cal_Ideology = ``$\OML/lmm/m/it/10.95 pes \OT1/lmr/m/n/10.95 = 0\OML/lmm/m/it/10.95 :\OT1/lmr/m/n/10.95 77$\T1/lmr/m/n/10.95 , 95\% CI $\OT1/lmr/m/n/10.95 [0\OML/lmm/m/it/10.95 :\OT1/lmr/m/n/10.95 33\OML/lmm/m/it/10.95 ; \OT1/lmr/m/n/10.95 1\OML/lmm/m/it/10.95 :\OT1/lmr/m/n/10.95 20]$\T1/lmr/m/n/10.95 '',
 []


Underfull \hbox (badness 3375) in paragraph at lines 1520--1524
\T1/lmr/m/n/10.95 AZAs = ``$\OML/lmm/m/it/10.95 pes \OT1/lmr/m/n/10.95 = 0\OML/lmm/m/it/10.95 :\OT1/lmr/m/n/10.95 25$\T1/lmr/m/n/10.95 , 95\% CI $\OT1/lmr/m/n/10.95 [0\OML/lmm/m/it/10.95 :\OT1/lmr/m/n/10.95 12\OML/lmm/m/it/10.95 ; \OT1/lmr/m/n/10.95 0\OML/lmm/m/it/10.95 :\OT1/lmr/m/n/10.95 37]$\T1/lmr/m/n/10.95 '', RWA_Score = ``$\OML/lmm/m/it/10.95 pes \OT1/lmr/m/n/10.95 = 0\OML/lmm/m/it/10.95 :\OT1/lmr/m/n/10.95 02$\T1/lmr/m/n/10.95 ,
 []


Underfull \hbox (badness 5359) in paragraph at lines 1520--1524
\T1/lmr/m/n/10.95 95\% CI $\OT1/lmr/m/n/10.95 [\OMS/lmsy/m/n/10.95 ^^@\OT1/lmr/m/n/10.95 0\OML/lmm/m/it/10.95 :\OT1/lmr/m/n/10.95 05\OML/lmm/m/it/10.95 ; \OT1/lmr/m/n/10.95 0\OML/lmm/m/it/10.95 :\OT1/lmr/m/n/10.95 10]$\T1/lmr/m/n/10.95 '', SDO_Score = ``$\OML/lmm/m/it/10.95 pes \OT1/lmr/m/n/10.95 = 0\OML/lmm/m/it/10.95 :\OT1/lmr/m/n/10.95 79$\T1/lmr/m/n/10.95 , 95\% CI $\OT1/lmr/m/n/10.95 [0\OML/lmm/m/it/10.95 :\OT1/lmr/m/n/10.95 57\OML/lmm/m/it/10.95 ; \OT1/lmr/m/n/10.95 1\OML/lmm/m/it/10.95 :\OT1/lmr/m/n/10.95 00]$\T1/lmr/m/n/10.95 '',
 []


Overfull \hbox (44.40793pt too wide) in paragraph at lines 1520--1524
\T1/lmr/m/n/10.95 X_When_we_think_about_the_world_it_comes_down_to_the_oppressor_vs_the_oppressed_
 []


Underfull \hbox (badness 2253) in paragraph at lines 1520--1524
$\OML/lmm/m/it/10.95 p \OT1/lmr/m/n/10.95 = \OML/lmm/m/it/10.95 :\OT1/lmr/m/n/10.95 054$\T1/lmr/m/n/10.95 '', En-ti-ta-tiv-ity = ``$\OML/lmm/m/it/10.95 t\OT1/lmr/m/n/10.95 [385] = 7\OML/lmm/m/it/10.95 :\OT1/lmr/m/n/10.95 71$\T1/lmr/m/n/10.95 , $\OML/lmm/m/it/10.95 p < :\OT1/lmr/m/n/10.95 001$\T1/lmr/m/n/10.95 '', Po-lit-i-cal_Ideology =
 []


Underfull \hbox (badness 1147) in paragraph at lines 1520--1524
\T1/lmr/m/n/10.95 ``$\OML/lmm/m/it/10.95 t\OT1/lmr/m/n/10.95 [385] = 3\OML/lmm/m/it/10.95 :\OT1/lmr/m/n/10.95 45$\T1/lmr/m/n/10.95 , $\OML/lmm/m/it/10.95 p < :\OT1/lmr/m/n/10.95 001$\T1/lmr/m/n/10.95 '', AZAs = ``$\OML/lmm/m/it/10.95 t\OT1/lmr/m/n/10.95 [385] = 3\OML/lmm/m/it/10.95 :\OT1/lmr/m/n/10.95 93$\T1/lmr/m/n/10.95 , $\OML/lmm/m/it/10.95 p < :\OT1/lmr/m/n/10.95 001$\T1/lmr/m/n/10.95 '', RWA_Score
 []


Underfull \hbox (badness 2326) in paragraph at lines 1520--1524
\T1/lmr/m/n/10.95 = ``$\OML/lmm/m/it/10.95 t\OT1/lmr/m/n/10.95 [385] = 0\OML/lmm/m/it/10.95 :\OT1/lmr/m/n/10.95 56$\T1/lmr/m/n/10.95 , $\OML/lmm/m/it/10.95 p \OT1/lmr/m/n/10.95 = \OML/lmm/m/it/10.95 :\OT1/lmr/m/n/10.95 574$\T1/lmr/m/n/10.95 '', SDO_Score = ``$\OML/lmm/m/it/10.95 t\OT1/lmr/m/n/10.95 [385] = 7\OML/lmm/m/it/10.95 :\OT1/lmr/m/n/10.95 12$\T1/lmr/m/n/10.95 , $\OML/lmm/m/it/10.95 p < :\OT1/lmr/m/n/10.95 001$\T1/lmr/m/n/10.95 '',
 []


Overfull \hbox (44.40793pt too wide) in paragraph at lines 1520--1524
\T1/lmr/m/n/10.95 X_When_we_think_about_the_world_it_comes_down_to_the_oppressor_vs_the_oppressed_
 []


Underfull \hbox (badness 3769) in paragraph at lines 1520--1524
\T1/lmr/m/n/10.95 Gen-der-Non-bi-nary = ``$\OML/lmm/m/it/10.95 pes \OT1/lmr/m/n/10.95 = \OMS/lmsy/m/n/10.95 ^^@\OT1/lmr/m/n/10.95 0\OML/lmm/m/it/10.95 :\OT1/lmr/m/n/10.95 57$\T1/lmr/m/n/10.95 , 95\% CI $\OT1/lmr/m/n/10.95 [\OMS/lmsy/m/n/10.95 ^^@\OT1/lmr/m/n/10.95 4\OML/lmm/m/it/10.95 :\OT1/lmr/m/n/10.95 46\OML/lmm/m/it/10.95 ; \OT1/lmr/m/n/10.95 3\OML/lmm/m/it/10.95 :\OT1/lmr/m/n/10.95 32]$\T1/lmr/m/n/10.95 , $\OML/lmm/m/it/10.95 t\OT1/lmr/m/n/10.95 [385] = \OMS/lmsy/m/n/10.95 ^^@\OT1/lmr/m/n/10.95 0\OML/lmm/m/it/10.95 :\OT1/lmr/m/n/10.95 29$\T1/lmr/m/n/10.95 ,
 []


Underfull \hbox (badness 1715) in paragraph at lines 1520--1524
$\OML/lmm/m/it/10.95 p \OT1/lmr/m/n/10.95 = \OML/lmm/m/it/10.95 :\OT1/lmr/m/n/10.95 054$\T1/lmr/m/n/10.95 '', En-ti-ta-tiv-ity = ``$\OML/lmm/m/it/10.95 pes \OT1/lmr/m/n/10.95 = 0\OML/lmm/m/it/10.95 :\OT1/lmr/m/n/10.95 43$\T1/lmr/m/n/10.95 , 95\% CI $\OT1/lmr/m/n/10.95 [0\OML/lmm/m/it/10.95 :\OT1/lmr/m/n/10.95 32\OML/lmm/m/it/10.95 ; \OT1/lmr/m/n/10.95 0\OML/lmm/m/it/10.95 :\OT1/lmr/m/n/10.95 54]$\T1/lmr/m/n/10.95 , $\OML/lmm/m/it/10.95 t\OT1/lmr/m/n/10.95 [385] = 7\OML/lmm/m/it/10.95 :\OT1/lmr/m/n/10.95 71$\T1/lmr/m/n/10.95 ,
 []


Underfull \hbox (badness 1112) in paragraph at lines 1520--1524
\T1/lmr/m/n/10.95 RWA_Score = ``$\OML/lmm/m/it/10.95 pes \OT1/lmr/m/n/10.95 = 0\OML/lmm/m/it/10.95 :\OT1/lmr/m/n/10.95 02$\T1/lmr/m/n/10.95 , 95\% CI $\OT1/lmr/m/n/10.95 [\OMS/lmsy/m/n/10.95 ^^@\OT1/lmr/m/n/10.95 0\OML/lmm/m/it/10.95 :\OT1/lmr/m/n/10.95 05\OML/lmm/m/it/10.95 ; \OT1/lmr/m/n/10.95 0\OML/lmm/m/it/10.95 :\OT1/lmr/m/n/10.95 10]$\T1/lmr/m/n/10.95 , $\OML/lmm/m/it/10.95 t\OT1/lmr/m/n/10.95 [385] = 0\OML/lmm/m/it/10.95 :\OT1/lmr/m/n/10.95 56$\T1/lmr/m/n/10.95 , $\OML/lmm/m/it/10.95 p \OT1/lmr/m/n/10.95 = \OML/lmm/m/it/10.95 :\OT1/lmr/m/n/10.95 574$\T1/lmr/m/n/10.95 '',
 []


Underfull \hbox (badness 1675) in paragraph at lines 1520--1524
\T1/lmr/m/n/10.95 SDO_Score = ``$\OML/lmm/m/it/10.95 pes \OT1/lmr/m/n/10.95 = 0\OML/lmm/m/it/10.95 :\OT1/lmr/m/n/10.95 79$\T1/lmr/m/n/10.95 , 95\% CI $\OT1/lmr/m/n/10.95 [0\OML/lmm/m/it/10.95 :\OT1/lmr/m/n/10.95 57\OML/lmm/m/it/10.95 ; \OT1/lmr/m/n/10.95 1\OML/lmm/m/it/10.95 :\OT1/lmr/m/n/10.95 00]$\T1/lmr/m/n/10.95 , $\OML/lmm/m/it/10.95 t\OT1/lmr/m/n/10.95 [385] = 7\OML/lmm/m/it/10.95 :\OT1/lmr/m/n/10.95 12$\T1/lmr/m/n/10.95 , $\OML/lmm/m/it/10.95 p < :\OT1/lmr/m/n/10.95 001$\T1/lmr/m/n/10.95 '',
 []


Overfull \hbox (44.40793pt too wide) in paragraph at lines 1520--1524
\T1/lmr/m/n/10.95 X_When_we_think_about_the_world_it_comes_down_to_the_oppressor_vs_the_oppressed_
 []



[25]
<Packman_Final_Project_files/figure-latex/unnamed-chunk-8-1.pdf, id=163, 860.21375pt x 850.17625pt>
File: Packman_Final_Project_files/figure-latex/unnamed-chunk-8-1.pdf Graphic file (type pdf)
<use Packman_Final_Project_files/figure-latex/unnamed-chunk-8-1.pdf>
Package pdftex.def Info: Packman_Final_Project_files/figure-latex/unnamed-chunk-8-1.pdf  used on input line 1528.
(pdftex.def)             Requested size: 433.62352pt x 428.56375pt.

Underfull \hbox (badness 6927) in paragraph at lines 1527--1531
[]\T1/lmr/m/n/10.95 We then check lin-ear-ity as-sump-tions for the SASS model (i.e., fitH).
 []


Underfull \vbox (badness 10000) has occurred while \output is active []



[26]

[27 <./Packman_Final_Project_files/figure-latex/unnamed-chunk-8-1.pdf>]

[28]

[29]

[30]
Overfull \hbox (32.02742pt too wide) in paragraph at lines 1728--1728
[]\T1/lmtt/m/n/10.95 ##                                           Estimate Std. Error t value Pr(>|t|)[] 
 []


Overfull \hbox (32.02742pt too wide) in paragraph at lines 1728--1728
[]\T1/lmtt/m/n/10.95 ## (Intercept)                              0.7537459  0.0940382   8.015 1.29e-14[] 
 []


Overfull \hbox (32.02742pt too wide) in paragraph at lines 1728--1728
[]\T1/lmtt/m/n/10.95 ## SASS.Warmth.Score                       -0.0178330  0.0098045  -1.819   0.0697[] 
 []


Overfull \hbox (32.02742pt too wide) in paragraph at lines 1728--1728
[]\T1/lmtt/m/n/10.95 ## SASS.Competence.Score                    0.0069623  0.0102994   0.676   0.4995[] 
 []


Overfull \hbox (32.02742pt too wide) in paragraph at lines 1728--1728
[]\T1/lmtt/m/n/10.95 ## SASS.Warmth.Score:SASS.Competence.Score  0.0003320  0.0009441   0.352   0.7253[] 
 []


Overfull \hbox (37.77615pt too wide) in paragraph at lines 1742--1742
[]\T1/lmtt/m/n/10.95 ## Model 2: TG_All ~ SASS.Warmth.Score + SASS.Warmth.Score * SASS.Competence.Score[] 
 []



[31]
Overfull \hbox (3.28375pt too wide) in paragraph at lines 1766--1766
[]\T1/lmtt/m/n/10.95 ## (Intercept)                     7.902e-01  1.093e-01   7.227 2.61e-12 ***[] 
 []



[32]

[33]
Overfull \hbox (20.52995pt too wide) in paragraph at lines 1902--1902
[]\T1/lmtt/m/n/10.95 ## lm(formula = Puzzle_All ~ SASS.Warmth.Score + Entitativity, data = EntGames)[] 
 []



[34]
Overfull \hbox (26.27869pt too wide) in paragraph at lines 1945--1945
[]\T1/lmtt/m/n/10.95 ##                                          Estimate Std. Error t value Pr(>|t|)[] 
 []


Overfull \hbox (26.27869pt too wide) in paragraph at lines 1945--1945
[]\T1/lmtt/m/n/10.95 ## (Intercept)                              3.188099   0.269046  11.850   <2e-16[] 
 []


Overfull \hbox (26.27869pt too wide) in paragraph at lines 1945--1945
[]\T1/lmtt/m/n/10.95 ## SASS.Warmth.Score                       -0.035852   0.028051  -1.278    0.202[] 
 []


Overfull \hbox (26.27869pt too wide) in paragraph at lines 1945--1945
[]\T1/lmtt/m/n/10.95 ## SASS.Competence.Score                    0.016605   0.029467   0.564    0.573[] 
 []


Overfull \hbox (26.27869pt too wide) in paragraph at lines 1945--1945
[]\T1/lmtt/m/n/10.95 ## SASS.Warmth.Score:SASS.Competence.Score  0.001626   0.002701   0.602    0.548[] 
 []


Overfull \hbox (60.77109pt too wide) in paragraph at lines 1959--1959
[]\T1/lmtt/m/n/10.95 ## Model 2: Puzzle_All ~ SASS.Warmth.Score + SASS.Warmth.Score * SASS.Competence.Score[] 
 []



[35]
Overfull \hbox (3.28375pt too wide) in paragraph at lines 1983--1983
[]\T1/lmtt/m/n/10.95 ## (Intercept)                     3.5450175  0.3127093  11.336   <2e-16 ***[] 
 []


Overfull \hbox (20.52995pt too wide) in paragraph at lines 1998--1998
[]\T1/lmtt/m/n/10.95 ## Model 2: Puzzle_All ~ SASS.Warmth.Score + SASS.Warmth.Score * Entitativity +[] 
 []


Underfull \hbox (badness 5533) in paragraph at lines 2000--2001
$\OML/lmm/m/it/10.95 mathrm[] \OT1/lmr/m/n/10.95 = 245\OML/lmm/m/it/10.95 :\OT1/lmr/m/n/10.95 90$\T1/lmr/m/n/10.95 '')), list(Intercept = ``$\OML/lmm/m/it/10.95 t\OT1/lmr/m/n/10.95 [392] = 26\OML/lmm/m/it/10.95 :\OT1/lmr/m/n/10.95 78$\T1/lmr/m/n/10.95 , $\OML/lmm/m/it/10.95 p < :\OT1/lmr/m/n/10.95 001$\T1/lmr/m/n/10.95 '',
 []


Underfull \hbox (badness 4001) in paragraph at lines 2000--2001
$\OML/lmm/m/it/10.95 mathrm[] \OT1/lmr/m/n/10.95 = 1\OML/lmm/m/it/10.95 ; \OT1/lmr/m/n/10.95 074\OML/lmm/m/it/10.95 :\OT1/lmr/m/n/10.95 76$\T1/lmr/m/n/10.95 '')), list(Intercept = ``$\OML/lmm/m/it/10.95 t\OT1/lmr/m/n/10.95 [392] = 38\OML/lmm/m/it/10.95 :\OT1/lmr/m/n/10.95 35$\T1/lmr/m/n/10.95 , $\OML/lmm/m/it/10.95 p < :\OT1/lmr/m/n/10.95 001$\T1/lmr/m/n/10.95 '',
 []



[36]
<Packman_Final_Project_files/figure-latex/unnamed-chunk-10-1.pdf, id=227, 851.18pt x 848.16875pt>
File: Packman_Final_Project_files/figure-latex/unnamed-chunk-10-1.pdf Graphic file (type pdf)
<use Packman_Final_Project_files/figure-latex/unnamed-chunk-10-1.pdf>
Package pdftex.def Info: Packman_Final_Project_files/figure-latex/unnamed-chunk-10-1.pdf  used on input line 2005.
(pdftex.def)             Requested size: 433.62848pt x 432.09442pt.

Underfull \hbox (badness 1845) in paragraph at lines 2004--2008
[]\T1/lmr/m/n/10.95 We then check lin-ear-ity as-sump-tions for the trust game model (i.e., fit0).
 []


Underfull \vbox (badness 10000) has occurred while \output is active []



[37]

[38 <./Packman_Final_Project_files/figure-latex/unnamed-chunk-10-1.pdf>]

[39]

[40]

[41]

[42] (./Packman_Final_Project.aux)
 ***********
LaTeX2e <2024-11-01>
L3 programming layer <2020/03/25>
 ***********
 ) 
Here is how much of TeX's memory you used:
 16005 strings out of 475322
 261644 string characters out of 5769397
 795362 words of memory out of 5000000
 38497 multiletter control sequences out of 15000+600000
 650643 words of font info for 121 fonts, out of 8000000 for 9000
 14 hyphenation exceptions out of 8191
 89i,12n,95p,3204b,659s stack positions out of 10000i,1000n,20000p,200000b,200000s
</Users/jamespackman/Library/TinyTeX/texmf-dist/fonts/type1/public/lm/lmbx10.pfb></Users/jamespackman/Library/TinyTeX/texmf-dist/fonts/type1/public/lm/lmmi10.pfb></Users/jamespackman/Library/TinyTeX/texmf-dist/fonts/type1/public/lm/lmmi8.pfb></Users/jamespackman/Library/TinyTeX/texmf-dist/fonts/type1/public/lm/lmr10.pfb></Users/jamespackman/Library/TinyTeX/texmf-dist/fonts/type1/public/lm/lmr12.pfb></Users/jamespackman/Library/TinyTeX/texmf-dist/fonts/type1/public/lm/lmr17.pfb></Users/jamespackman/Library/TinyTeX/texmf-dist/fonts/type1/public/lm/lmr8.pfb></Users/jamespackman/Library/TinyTeX/texmf-dist/fonts/type1/public/lm/lmr9.pfb></Users/jamespackman/Library/TinyTeX/texmf-dist/fonts/type1/public/lm/lmri10.pfb></Users/jamespackman/Library/TinyTeX/texmf-dist/fonts/type1/public/lm/lmsy10.pfb></Users/jamespackman/Library/TinyTeX/texmf-dist/fonts/type1/public/lm/lmtt10.pfb></Users/jamespackman/Library/TinyTeX/texmf-dist/fonts/type1/public/lm/lmtt12.pfb>
Output written on Packman_Final_Project.pdf (42 pages, 761698 bytes).
PDF statistics:
 435 PDF objects out of 1000 (max. 8388607)
 349 compressed objects within 4 object streams
 73 named destinations out of 1000 (max. 500000)
 221 words of extra memory for PDF output out of 10000 (max. 10000000)

